<?xml version="1.0" encoding="UTF-8"?>
<testsuite name="gcukakao.jenkins.calculator.CalculatorTest" tests="1" skipped="0" failures="0" errors="0" timestamp="2023-05-01T16:38:56" hostname="DESKTOP-TH2PM62" time="0.02">
  <properties/>
  <testcase name="testSum()" classname="gcukakao.jenkins.calculator.CalculatorTest" time="0.02"/>
  <system-out><![CDATA[]]></system-out>
  <system-err><![CDATA[]]></system-err>
</testsuite>
